0 info it worked if it ends with ok
1 verbose cli [ '/usr/bin/node', '/usr/bin/npm', 'install', '-g', 'ionic' ]
2 info using npm@2.15.1
3 info using node@v0.10.45
4 verbose node symlink /usr/bin/node
5 verbose install initial load of /usr/lib/package.json
6 verbose readDependencies loading dependencies from /usr/lib/package.json
7 silly cache add args [ 'ionic', null ]
8 verbose cache add spec ionic
9 silly cache add parsed spec { raw: 'ionic',
9 silly cache add   scope: null,
9 silly cache add   name: 'ionic',
9 silly cache add   rawSpec: '',
9 silly cache add   spec: 'latest',
9 silly cache add   type: 'tag' }
10 silly addNamed ionic@latest
11 verbose addNamed "latest" is being treated as a dist-tag for ionic
12 info addNameTag [ 'ionic', 'latest' ]
13 silly mapToRegistry name ionic
14 silly mapToRegistry using default registry
15 silly mapToRegistry registry https://registry.npmjs.org/
16 silly mapToRegistry data { raw: 'ionic',
16 silly mapToRegistry   scope: null,
16 silly mapToRegistry   name: 'ionic',
16 silly mapToRegistry   rawSpec: '',
16 silly mapToRegistry   spec: 'latest',
16 silly mapToRegistry   type: 'tag' }
17 silly mapToRegistry uri https://registry.npmjs.org/ionic
18 verbose addNameTag registry:https://registry.npmjs.org/ionic not in flight; fetching
19 verbose request uri https://registry.npmjs.org/ionic
20 verbose request no auth needed
21 info attempt registry request try #1 at 14:17:48
22 verbose request id b575273e4920df5d
23 verbose etag "7QM8XP80FF1SLQIUG9DI8LQ0T"
24 http request GET https://registry.npmjs.org/ionic
25 http 200 https://registry.npmjs.org/ionic
26 verbose headers { server: 'CouchDB/1.5.0 (Erlang OTP/R16B03)',
26 verbose headers   etag: '"A9ERAVPVR2M37RJ5KRC9A1699"',
26 verbose headers   'content-type': 'application/json',
26 verbose headers   'content-encoding': 'gzip',
26 verbose headers   'cache-control': 'max-age=300',
26 verbose headers   'content-length': '63609',
26 verbose headers   'accept-ranges': 'bytes',
26 verbose headers   date: 'Tue, 28 Jun 2016 12:17:48 GMT',
26 verbose headers   via: '1.1 varnish',
26 verbose headers   age: '258',
26 verbose headers   connection: 'keep-alive',
26 verbose headers   'x-served-by': 'cache-fra1236-FRA',
26 verbose headers   'x-cache': 'HIT',
26 verbose headers   'x-cache-hits': '1',
26 verbose headers   'x-timer': 'S1467116268.445932,VS0,VE0',
26 verbose headers   vary: 'Accept-Encoding' }
27 silly get cb [ 200,
27 silly get   { server: 'CouchDB/1.5.0 (Erlang OTP/R16B03)',
27 silly get     etag: '"A9ERAVPVR2M37RJ5KRC9A1699"',
27 silly get     'content-type': 'application/json',
27 silly get     'content-encoding': 'gzip',
27 silly get     'cache-control': 'max-age=300',
27 silly get     'content-length': '63609',
27 silly get     'accept-ranges': 'bytes',
27 silly get     date: 'Tue, 28 Jun 2016 12:17:48 GMT',
27 silly get     via: '1.1 varnish',
27 silly get     age: '258',
27 silly get     connection: 'keep-alive',
27 silly get     'x-served-by': 'cache-fra1236-FRA',
27 silly get     'x-cache': 'HIT',
27 silly get     'x-cache-hits': '1',
27 silly get     'x-timer': 'S1467116268.445932,VS0,VE0',
27 silly get     vary: 'Accept-Encoding' } ]
28 verbose get saving ionic to /home/trajanka/.npm/registry.npmjs.org/ionic/.cache.json
29 verbose correctMkdir /home/trajanka/.npm correctMkdir not in flight; initializing
30 silly addNameTag next cb for ionic with tag latest
31 silly addNamed ionic@1.7.16
32 verbose addNamed "1.7.16" is a plain semver version for ionic
33 silly mapToRegistry name ionic
34 silly mapToRegistry using default registry
35 silly mapToRegistry registry https://registry.npmjs.org/
36 silly mapToRegistry data { raw: 'ionic',
36 silly mapToRegistry   scope: null,
36 silly mapToRegistry   name: 'ionic',
36 silly mapToRegistry   rawSpec: '',
36 silly mapToRegistry   spec: 'latest',
36 silly mapToRegistry   type: 'tag' }
37 silly mapToRegistry uri https://registry.npmjs.org/ionic
38 verbose addRemoteTarball https://registry.npmjs.org/ionic/-/ionic-1.7.16.tgz not in flight; adding
39 verbose addRemoteTarball [ 'https://registry.npmjs.org/ionic/-/ionic-1.7.16.tgz',
39 verbose addRemoteTarball   'aeff62ee70b10b1563d85b9d4ea7005640bbc584' ]
40 info retry fetch attempt 1 at 14:17:48
41 info attempt registry request try #1 at 14:17:48
42 http fetch GET https://registry.npmjs.org/ionic/-/ionic-1.7.16.tgz
43 http fetch 200 https://registry.npmjs.org/ionic/-/ionic-1.7.16.tgz
44 silly fetchAndShaCheck shasum aeff62ee70b10b1563d85b9d4ea7005640bbc584
45 verbose addTmpTarball /tmp/npm-5703-126f4596/registry.npmjs.org/ionic/-/ionic-1.7.16.tgz not in flight; adding
46 verbose addTmpTarball already have metadata; skipping unpack for ionic@1.7.16
47 verbose correctMkdir /home/trajanka/.npm correctMkdir not in flight; initializing
48 silly cache afterAdd ionic@1.7.16
49 verbose afterAdd /home/trajanka/.npm/ionic/1.7.16/package/package.json not in flight; writing
50 verbose correctMkdir /home/trajanka/.npm correctMkdir not in flight; initializing
51 verbose afterAdd /home/trajanka/.npm/ionic/1.7.16/package/package.json written
52 silly install resolved [ { name: 'ionic',
52 silly install resolved     version: '1.7.16',
52 silly install resolved     preferGlobal: true,
52 silly install resolved     description: 'A tool for creating and developing Ionic Framework mobile apps.',
52 silly install resolved     homepage: 'http://ionicframework.com/',
52 silly install resolved     bin: { ionic: 'bin/ionic' },
52 silly install resolved     scripts:
52 silly install resolved      { bump: 'node lib/tasks/bumpversion',
52 silly install resolved        'beta-bump': 'node lib/tasks/bumpversion --level pre --identifier beta',
52 silly install resolved        'publish-release': 'node lib/tasks/bumpversion --npmPublish',
52 silly install resolved        'publish-tag': 'node lib/tasks/bumpversion --level beta --npmPublishTag',
52 silly install resolved        'full-release': 'node lib/tasks/bumpversion --npmInstall --git --npmPublish',
52 silly install resolved        test: 'npm run jasmine',
52 silly install resolved        coveralls: 'istanbul cover node_modules/jasmine-node/bin/jasmine-node --captureExceptions spec/ && cat coverage/lcov.info | node_modules/coveralls/bin/coveralls.js && rm -rf coverage',
52 silly install resolved        e2e: 'jasmine-node --captureExceptions e2e/',
52 silly install resolved        jasmine: 'jasmine-node --captureExceptions  spec/' },
52 silly install resolved     keywords:
52 silly install resolved      [ 'ionic',
52 silly install resolved        'ionic framework',
52 silly install resolved        'ionicframework',
52 silly install resolved        'mobile',
52 silly install resolved        'app',
52 silly install resolved        'hybrid',
52 silly install resolved        'cordova',
52 silly install resolved        'phonegap' ],
52 silly install resolved     repository:
52 silly install resolved      { type: 'git',
52 silly install resolved        url: 'git+https://github.com/driftyco/ionic-cli.git' },
52 silly install resolved     contributors: [ [Object], [Object], [Object], [Object] ],
52 silly install resolved     license: 'MIT',
52 silly install resolved     dependencies:
52 silly install resolved      { async: '^0.9.0',
52 silly install resolved        cheerio: '^0.19.0',
52 silly install resolved        'cli-table': '^0.3.1',
52 silly install resolved        colors: '0.6.2',
52 silly install resolved        connect: '3.1.1',
52 silly install resolved        'connect-livereload': '0.5.2',
52 silly install resolved        crc: '3.2.1',
52 silly install resolved        'cross-spawn': '0.2.3',
52 silly install resolved        'event-stream': '3.0.x',
52 silly install resolved        'expand-tilde': '^1.2.0',
52 silly install resolved        finalhandler: '0.2.0',
52 silly install resolved        'form-data': '0.1.4',
52 silly install resolved        gulp: '3.8.8',
52 silly install resolved        'ionic-app-lib': '0.7.3',
52 silly install resolved        moment: '^2.10.6',
52 silly install resolved        ncp: '0.4.2',
52 silly install resolved        npm: '2.1.3',
52 silly install resolved        open: '0.0.5',
52 silly install resolved        optimist: '0.6.0',
52 silly install resolved        progress: '1.1.7',
52 silly install resolved        prompt: '0.2.12',
52 silly install resolved        'proxy-middleware': '^0.7.0',
52 silly install resolved        q: '1.0.1',
52 silly install resolved        request: '2.51.0',
52 silly install resolved        semver: '^4.2.0',
52 silly install resolved        'serve-static': '1.7.1',
52 silly install resolved        shelljs: '0.2.6',
52 silly install resolved        'tiny-lr-fork': '0.0.5',
52 silly install resolved        underscore: '~1.7.0',
52 silly install resolved        unzip: '0.1.9',
52 silly install resolved        'vinyl-fs': '0.3.7',
52 silly install resolved        xml2js: '0.4.4' },
52 silly install resolved     devDependencies:
52 silly install resolved      { istanbul: '^0.4.3',
52 silly install resolved        'jasmine-node': '^1.14.5',
52 silly install resolved        rewire: '^2.3.4',
52 silly install resolved        coveralls: '^2.2.0' },
52 silly install resolved     gitHead: '18c567549d82beaa921c2afcd4abbd6c2c2ff402',
52 silly install resolved     bugs: { url: 'https://github.com/driftyco/ionic-cli/issues' },
52 silly install resolved     bundleDependencies:
52 silly install resolved      [ 'async',
52 silly install resolved        'cheerio',
52 silly install resolved        'cli-table',
52 silly install resolved        'colors',
52 silly install resolved        'connect',
52 silly install resolved        'connect-livereload',
52 silly install resolved        'crc',
52 silly install resolved        'cross-spawn',
52 silly install resolved        'event-stream',
52 silly install resolved        'expand-tilde',
52 silly install resolved        'finalhandler',
52 silly install resolved        'form-data',
52 silly install resolved        'gulp',
52 silly install resolved        'ionic-app-lib',
52 silly install resolved        'moment',
52 silly install resolved        'ncp',
52 silly install resolved        'npm',
52 silly install resolved        'open',
52 silly install resolved        'optimist',
52 silly install resolved        'progress',
52 silly install resolved        'prompt',
52 silly install resolved        'proxy-middleware',
52 silly install resolved        'q',
52 silly install resolved        'request',
52 silly install resolved        'semver',
52 silly install resolved        'serve-static',
52 silly install resolved        'shelljs',
52 silly install resolved        'tiny-lr-fork',
52 silly install resolved        'underscore',
52 silly install resolved        'unzip',
52 silly install resolved        'vinyl-fs',
52 silly install resolved        'xml2js' ],
52 silly install resolved     _id: 'ionic@1.7.16',
52 silly install resolved     _shasum: 'aeff62ee70b10b1563d85b9d4ea7005640bbc584',
52 silly install resolved     _from: 'ionic@latest',
52 silly install resolved     _npmVersion: '2.15.8',
52 silly install resolved     _nodeVersion: '5.11.1',
52 silly install resolved     _npmUser: { name: 'tlancina', email: 'tim@ionic.io' },
52 silly install resolved     dist:
52 silly install resolved      { shasum: 'aeff62ee70b10b1563d85b9d4ea7005640bbc584',
52 silly install resolved        tarball: 'https://registry.npmjs.org/ionic/-/ionic-1.7.16.tgz' },
52 silly install resolved     maintainers: [ [Object], [Object], [Object], [Object], [Object], [Object] ],
52 silly install resolved     _npmOperationalInternal:
52 silly install resolved      { host: 'packages-12-west.internal.npmjs.com',
52 silly install resolved        tmp: 'tmp/ionic-1.7.16.tgz_1466719271098_0.49172955146059394' },
52 silly install resolved     directories: {},
52 silly install resolved     _resolved: 'https://registry.npmjs.org/ionic/-/ionic-1.7.16.tgz' } ]
53 info install ionic@1.7.16 into /usr/lib
54 info installOne ionic@1.7.16
55 verbose installOne of ionic to /usr/lib not in flight; installing
56 verbose correctMkdir /home/trajanka/.npm/_locks correctMkdir not in flight; initializing
57 verbose lock using /home/trajanka/.npm/_locks/ionic-870c91ec4eeb12ef.lock for /usr/lib/node_modules/ionic
58 silly install write writing ionic 1.7.16 to /usr/lib/node_modules/ionic
59 verbose unbuild lib/node_modules/ionic
60 info preuninstall ionic@1.7.15
61 info uninstall ionic@1.7.15
62 verbose unbuild rmStuff ionic@1.7.15 from /usr/lib/node_modules
63 silly gentlyRm /usr/bin/ionic is being gently removed
64 silly gentlyRm verifying /usr is an npm working directory
65 silly gentlyRm containing path /usr is under npm's control, in /usr
66 silly gentlyRm deletion target /usr/bin/ionic is under /usr
67 verbose gentlyRm vacuuming from /usr/bin/ionic up to /usr
68 silly vacuum-fs removing /usr/bin/ionic
69 verbose unlock done using /home/trajanka/.npm/_locks/ionic-870c91ec4eeb12ef.lock for /usr/lib/node_modules/ionic
70 verbose stack Error: EACCES, unlink '/usr/bin/ionic'
71 verbose cwd /home/trajanka/temp/ionic-weather
72 error Linux 4.2.0-36-generic
73 error argv "/usr/bin/node" "/usr/bin/npm" "install" "-g" "ionic"
74 error node v0.10.45
75 error npm  v2.15.1
76 error path /usr/bin/ionic
77 error code EACCES
78 error errno 3
79 error Error: EACCES, unlink '/usr/bin/ionic'
79 error  { [Error: EACCES, unlink '/usr/bin/ionic'] errno: 3, code: 'EACCES', path: '/usr/bin/ionic' }
80 error Please try running this command again as root/Administrator.
81 verbose exit [ 3, true ]
82 verbose unbuild lib/node_modules/ionic
83 info preuninstall ionic@1.7.15
84 info uninstall ionic@1.7.15
85 verbose unbuild rmStuff ionic@1.7.15 from /usr/lib/node_modules
86 silly gentlyRm /usr/bin/ionic is being gently removed
87 silly gentlyRm verifying /usr is an npm working directory
88 silly gentlyRm containing path /usr is under npm's control, in /usr
89 silly gentlyRm deletion target /usr/bin/ionic is under /usr
90 verbose gentlyRm vacuuming from /usr/bin/ionic up to /usr
91 silly vacuum-fs removing /usr/bin/ionic
92 error error rolling back Error: EACCES, unlink '/usr/bin/ionic'
92 error error rolling back  { [Error: EACCES, unlink '/usr/bin/ionic'] errno: 3, code: 'EACCES', path: '/usr/bin/ionic' }
